<?xml version="1.0" encoding="UTF-8"?>
<!-- Generated by org.testng.reporters.JUnitReportReporter -->
<testsuite hostname="DESKTOP-O8VLJVA" failures="0" tests="1" name="com.kick_out.practise.DataProviderDemo" time="0.011" errors="0" timestamp="2020-07-18T08:22:39 IST" skipped="0">
  <testcase classname="com.kick_out.practise.DataProviderDemo" name="m1" time="0.011"/>
</testsuite> <!-- com.kick_out.practise.DataProviderDemo -->
